"2022-09-11 [SpringApplicationShutdownHook] INFO  o.s.o.j.LocalContainerEntityManagerFactoryBean - Closing JPA EntityManagerFactory for persistence unit 'default'
""2022-09-11 [SpringApplicationShutdownHook] INFO  com.zaxxer.hikari.HikariDataSource - HikariPool-1 - Shutdown initiated...
""2022-09-11 [SpringApplicationShutdownHook] INFO  com.zaxxer.hikari.HikariDataSource - HikariPool-1 - Shutdown completed.
""2022-09-11 [main] INFO  c.e.p.p.ProgettoFinaleBeApplication - Starting ProgettoFinaleBeApplication using Java 18.0.1.1 on JCTS-PC with PID 1636 (C:\Java\Spring\ProgettoFinaleBE\target\classes started by UTENTE in C:\Java\Spring\ProgettoFinaleBE)
""2022-09-11 [main] INFO  c.e.p.p.ProgettoFinaleBeApplication - No active profile set, falling back to 1 default profile: "default"
""2022-09-11 [main] INFO  o.s.d.r.c.RepositoryConfigurationDelegate - Bootstrapping Spring Data JPA repositories in DEFAULT mode.
""2022-09-11 [main] INFO  o.s.d.r.c.RepositoryConfigurationDelegate - Finished Spring Data repository scanning in 80 ms. Found 6 JPA repository interfaces.
""2022-09-11 [main] INFO  o.s.b.w.e.tomcat.TomcatWebServer - Tomcat initialized with port(s): 8080 (http)
""2022-09-11 [main] INFO  o.a.catalina.core.StandardService - Starting service [Tomcat]
""2022-09-11 [main] INFO  o.a.catalina.core.StandardEngine - Starting Servlet engine: [Apache Tomcat/9.0.65]
""2022-09-11 [main] INFO  o.a.c.c.C.[Tomcat].[localhost].[/] - Initializing Spring embedded WebApplicationContext
""2022-09-11 [main] INFO  o.s.b.w.s.c.ServletWebServerApplicationContext - Root WebApplicationContext: initialization completed in 2075 ms
""2022-09-11 [main] INFO  o.h.jpa.internal.util.LogHelper - HHH000204: Processing PersistenceUnitInfo [name: default]
""2022-09-11 [main] INFO  org.hibernate.Version - HHH000412: Hibernate ORM core version 5.6.10.Final
""2022-09-11 [main] INFO  o.h.annotations.common.Version - HCANN000001: Hibernate Commons Annotations {5.1.2.Final}
""2022-09-11 [main] INFO  com.zaxxer.hikari.HikariDataSource - HikariPool-1 - Starting...
""2022-09-11 [main] INFO  com.zaxxer.hikari.HikariDataSource - HikariPool-1 - Start completed.
""2022-09-11 [main] INFO  org.hibernate.dialect.Dialect - HHH000400: Using dialect: org.hibernate.dialect.PostgreSQLDialect
""2022-09-11 [main] INFO  o.h.e.t.j.p.i.JtaPlatformInitiator - HHH000490: Using JtaPlatform implementation: [org.hibernate.engine.transaction.jta.platform.internal.NoJtaPlatform]
""2022-09-11 [main] INFO  o.s.o.j.LocalContainerEntityManagerFactoryBean - Initialized JPA EntityManagerFactory for persistence unit 'default'
""2022-09-11 [main] WARN  o.s.b.a.o.j.JpaBaseConfiguration$JpaWebConfiguration - spring.jpa.open-in-view is enabled by default. Therefore, database queries may be performed during view rendering. Explicitly configure spring.jpa.open-in-view to disable this warning
""2022-09-11 [main] WARN  o.s.b.a.s.s.UserDetailsServiceAutoConfiguration - 

Using generated security password: ac32a038-bb8f-44ed-9ba1-e1b542d3de5c

This generated password is for development use only. Your security configuration must be updated before running your application in production.

""2022-09-11 [main] INFO  o.s.s.web.DefaultSecurityFilterChain - Will secure any request with [org.springframework.security.web.session.DisableEncodeUrlFilter@4a7ac98b, org.springframework.security.web.context.request.async.WebAsyncManagerIntegrationFilter@35e3f3b8, org.springframework.security.web.context.SecurityContextPersistenceFilter@37f7ce20, org.springframework.security.web.header.HeaderWriterFilter@6dd1f239, org.springframework.security.web.csrf.CsrfFilter@4a490518, org.springframework.security.web.authentication.logout.LogoutFilter@4d142b53, org.springframework.security.web.authentication.UsernamePasswordAuthenticationFilter@23e297d9, org.springframework.security.web.authentication.ui.DefaultLoginPageGeneratingFilter@26c1f3eb, org.springframework.security.web.authentication.ui.DefaultLogoutPageGeneratingFilter@13bf5fd, org.springframework.security.web.authentication.www.BasicAuthenticationFilter@78f1d29, org.springframework.security.web.savedrequest.RequestCacheAwareFilter@477e5b69, org.springframework.security.web.servletapi.SecurityContextHolderAwareRequestFilter@7da6d695, org.springframework.security.web.authentication.AnonymousAuthenticationFilter@2eafb4e7, org.springframework.security.web.session.SessionManagementFilter@7e58b0f6, org.springframework.security.web.access.ExceptionTranslationFilter@7054c068, org.springframework.security.web.access.intercept.FilterSecurityInterceptor@3113595e]
""2022-09-11 [main] INFO  o.s.b.w.e.tomcat.TomcatWebServer - Tomcat started on port(s): 8080 (http) with context path ''
""2022-09-11 [main] INFO  c.e.p.p.ProgettoFinaleBeApplication - Started ProgettoFinaleBeApplication in 5.94 seconds (JVM running for 6.429)
""2022-09-11 [main] INFO  c.e.p.p.util.DataInitRunner - Province caricate
""2022-09-11 [main] INFO  o.s.b.a.l.ConditionEvaluationReportLoggingListener - 

Error starting ApplicationContext. To display the conditions report re-run your application with 'debug' enabled.
""2022-09-11 [main] ERROR o.s.boot.SpringApplication - Application run failed
"java.lang.IllegalStateException: Failed to execute CommandLineRunner
	at org.springframework.boot.SpringApplication.callRunner(SpringApplication.java:774)
	at org.springframework.boot.SpringApplication.callRunners(SpringApplication.java:755)
	at org.springframework.boot.SpringApplication.run(SpringApplication.java:315)
	at org.springframework.boot.SpringApplication.run(SpringApplication.java:1306)
	at org.springframework.boot.SpringApplication.run(SpringApplication.java:1295)
	at com.epicode.project.progettofinale.ProgettoFinaleBeApplication.main(ProgettoFinaleBeApplication.java:10)
Caused by: java.lang.ArrayIndexOutOfBoundsException: Index 3 out of bounds for length 1
	at com.epicode.project.progettofinale.util.DataInitRunner.loadComune(DataInitRunner.java:57)
	at com.epicode.project.progettofinale.util.DataInitRunner.run(DataInitRunner.java:29)
	at org.springframework.boot.SpringApplication.callRunner(SpringApplication.java:771)
	... 5 common frames omitted
"2022-09-11 [main] INFO  o.s.o.j.LocalContainerEntityManagerFactoryBean - Closing JPA EntityManagerFactory for persistence unit 'default'
""2022-09-11 [main] INFO  com.zaxxer.hikari.HikariDataSource - HikariPool-1 - Shutdown initiated...
""2022-09-11 [main] INFO  com.zaxxer.hikari.HikariDataSource - HikariPool-1 - Shutdown completed.
""2022-09-11 [main] INFO  c.e.p.p.ProgettoFinaleBeApplication - Starting ProgettoFinaleBeApplication using Java 18.0.1.1 on JCTS-PC with PID 4352 (C:\Java\Spring\ProgettoFinaleBE\target\classes started by UTENTE in C:\Java\Spring\ProgettoFinaleBE)
""2022-09-11 [main] INFO  c.e.p.p.ProgettoFinaleBeApplication - No active profile set, falling back to 1 default profile: "default"
""2022-09-11 [main] INFO  o.s.d.r.c.RepositoryConfigurationDelegate - Bootstrapping Spring Data JPA repositories in DEFAULT mode.
""2022-09-11 [main] INFO  o.s.d.r.c.RepositoryConfigurationDelegate - Finished Spring Data repository scanning in 75 ms. Found 6 JPA repository interfaces.
""2022-09-11 [main] INFO  o.s.b.w.e.tomcat.TomcatWebServer - Tomcat initialized with port(s): 8080 (http)
""2022-09-11 [main] INFO  o.a.catalina.core.StandardService - Starting service [Tomcat]
""2022-09-11 [main] INFO  o.a.catalina.core.StandardEngine - Starting Servlet engine: [Apache Tomcat/9.0.65]
""2022-09-11 [main] INFO  o.a.c.c.C.[Tomcat].[localhost].[/] - Initializing Spring embedded WebApplicationContext
""2022-09-11 [main] INFO  o.s.b.w.s.c.ServletWebServerApplicationContext - Root WebApplicationContext: initialization completed in 1560 ms
""2022-09-11 [main] INFO  o.h.jpa.internal.util.LogHelper - HHH000204: Processing PersistenceUnitInfo [name: default]
""2022-09-11 [main] INFO  org.hibernate.Version - HHH000412: Hibernate ORM core version 5.6.10.Final
""2022-09-11 [main] INFO  o.h.annotations.common.Version - HCANN000001: Hibernate Commons Annotations {5.1.2.Final}
""2022-09-11 [main] INFO  com.zaxxer.hikari.HikariDataSource - HikariPool-1 - Starting...
""2022-09-11 [main] INFO  com.zaxxer.hikari.HikariDataSource - HikariPool-1 - Start completed.
""2022-09-11 [main] INFO  org.hibernate.dialect.Dialect - HHH000400: Using dialect: org.hibernate.dialect.PostgreSQLDialect
""2022-09-11 [main] INFO  o.h.e.t.j.p.i.JtaPlatformInitiator - HHH000490: Using JtaPlatform implementation: [org.hibernate.engine.transaction.jta.platform.internal.NoJtaPlatform]
""2022-09-11 [main] INFO  o.s.o.j.LocalContainerEntityManagerFactoryBean - Initialized JPA EntityManagerFactory for persistence unit 'default'
""2022-09-11 [main] WARN  o.s.b.a.o.j.JpaBaseConfiguration$JpaWebConfiguration - spring.jpa.open-in-view is enabled by default. Therefore, database queries may be performed during view rendering. Explicitly configure spring.jpa.open-in-view to disable this warning
""2022-09-11 [main] WARN  o.s.b.a.s.s.UserDetailsServiceAutoConfiguration - 

Using generated security password: faa5c57a-7013-43f6-8841-1d8fd980f01a

This generated password is for development use only. Your security configuration must be updated before running your application in production.

""2022-09-11 [main] INFO  o.s.s.web.DefaultSecurityFilterChain - Will secure any request with [org.springframework.security.web.session.DisableEncodeUrlFilter@3976910, org.springframework.security.web.context.request.async.WebAsyncManagerIntegrationFilter@6e149395, org.springframework.security.web.context.SecurityContextPersistenceFilter@65a8c306, org.springframework.security.web.header.HeaderWriterFilter@5114c8a1, org.springframework.security.web.csrf.CsrfFilter@2b9bbaa8, org.springframework.security.web.authentication.logout.LogoutFilter@236206f8, org.springframework.security.web.authentication.UsernamePasswordAuthenticationFilter@2a317af7, org.springframework.security.web.authentication.ui.DefaultLoginPageGeneratingFilter@30a6984c, org.springframework.security.web.authentication.ui.DefaultLogoutPageGeneratingFilter@19bbb216, org.springframework.security.web.authentication.www.BasicAuthenticationFilter@25890ce3, org.springframework.security.web.savedrequest.RequestCacheAwareFilter@48ba37dc, org.springframework.security.web.servletapi.SecurityContextHolderAwareRequestFilter@322f84fd, org.springframework.security.web.authentication.AnonymousAuthenticationFilter@6cfac0bd, org.springframework.security.web.session.SessionManagementFilter@3b95fce9, org.springframework.security.web.access.ExceptionTranslationFilter@19d0d1ab, org.springframework.security.web.access.intercept.FilterSecurityInterceptor@6c3884f5]
""2022-09-11 [main] INFO  o.s.b.w.e.tomcat.TomcatWebServer - Tomcat started on port(s): 8080 (http) with context path ''
""2022-09-11 [main] INFO  c.e.p.p.ProgettoFinaleBeApplication - Started ProgettoFinaleBeApplication in 4.894 seconds (JVM running for 5.305)
""2022-09-11 [main] INFO  c.e.p.p.util.DataInitRunner - Province caricate
""2022-09-11 [main] INFO  o.s.b.a.l.ConditionEvaluationReportLoggingListener - 

Error starting ApplicationContext. To display the conditions report re-run your application with 'debug' enabled.
""2022-09-11 [main] ERROR o.s.boot.SpringApplication - Application run failed
"java.lang.IllegalStateException: Failed to execute CommandLineRunner
	at org.springframework.boot.SpringApplication.callRunner(SpringApplication.java:774)
	at org.springframework.boot.SpringApplication.callRunners(SpringApplication.java:755)
	at org.springframework.boot.SpringApplication.run(SpringApplication.java:315)
	at org.springframework.boot.SpringApplication.run(SpringApplication.java:1306)
	at org.springframework.boot.SpringApplication.run(SpringApplication.java:1295)
	at com.epicode.project.progettofinale.ProgettoFinaleBeApplication.main(ProgettoFinaleBeApplication.java:10)
Caused by: java.lang.ArrayIndexOutOfBoundsException: Index 3 out of bounds for length 1
	at com.epicode.project.progettofinale.util.DataInitRunner.loadComune(DataInitRunner.java:57)
	at com.epicode.project.progettofinale.util.DataInitRunner.run(DataInitRunner.java:29)
	at org.springframework.boot.SpringApplication.callRunner(SpringApplication.java:771)
	... 5 common frames omitted
"2022-09-11 [main] INFO  o.s.o.j.LocalContainerEntityManagerFactoryBean - Closing JPA EntityManagerFactory for persistence unit 'default'
""2022-09-11 [main] INFO  com.zaxxer.hikari.HikariDataSource - HikariPool-1 - Shutdown initiated...
""2022-09-11 [main] INFO  com.zaxxer.hikari.HikariDataSource - HikariPool-1 - Shutdown completed.
""2022-09-11 [main] INFO  c.e.p.p.ProgettoFinaleBeApplication - Starting ProgettoFinaleBeApplication using Java 18.0.1.1 on JCTS-PC with PID 3832 (C:\Java\Spring\ProgettoFinaleBE\target\classes started by UTENTE in C:\Java\Spring\ProgettoFinaleBE)
""2022-09-11 [main] INFO  c.e.p.p.ProgettoFinaleBeApplication - No active profile set, falling back to 1 default profile: "default"
""2022-09-11 [main] INFO  o.s.d.r.c.RepositoryConfigurationDelegate - Bootstrapping Spring Data JPA repositories in DEFAULT mode.
""2022-09-11 [main] INFO  o.s.d.r.c.RepositoryConfigurationDelegate - Finished Spring Data repository scanning in 54 ms. Found 6 JPA repository interfaces.
""2022-09-11 [main] INFO  o.s.b.w.e.tomcat.TomcatWebServer - Tomcat initialized with port(s): 8080 (http)
""2022-09-11 [main] INFO  o.a.catalina.core.StandardService - Starting service [Tomcat]
""2022-09-11 [main] INFO  o.a.catalina.core.StandardEngine - Starting Servlet engine: [Apache Tomcat/9.0.65]
""2022-09-11 [main] INFO  o.a.c.c.C.[Tomcat].[localhost].[/] - Initializing Spring embedded WebApplicationContext
""2022-09-11 [main] INFO  o.s.b.w.s.c.ServletWebServerApplicationContext - Root WebApplicationContext: initialization completed in 1569 ms
""2022-09-11 [main] INFO  o.h.jpa.internal.util.LogHelper - HHH000204: Processing PersistenceUnitInfo [name: default]
""2022-09-11 [main] INFO  org.hibernate.Version - HHH000412: Hibernate ORM core version 5.6.10.Final
""2022-09-11 [main] INFO  o.h.annotations.common.Version - HCANN000001: Hibernate Commons Annotations {5.1.2.Final}
""2022-09-11 [main] INFO  com.zaxxer.hikari.HikariDataSource - HikariPool-1 - Starting...
""2022-09-11 [main] INFO  com.zaxxer.hikari.HikariDataSource - HikariPool-1 - Start completed.
""2022-09-11 [main] INFO  org.hibernate.dialect.Dialect - HHH000400: Using dialect: org.hibernate.dialect.PostgreSQLDialect
""2022-09-11 [main] INFO  o.h.e.t.j.p.i.JtaPlatformInitiator - HHH000490: Using JtaPlatform implementation: [org.hibernate.engine.transaction.jta.platform.internal.NoJtaPlatform]
""2022-09-11 [main] INFO  o.s.o.j.LocalContainerEntityManagerFactoryBean - Initialized JPA EntityManagerFactory for persistence unit 'default'
""2022-09-11 [main] WARN  o.s.b.a.o.j.JpaBaseConfiguration$JpaWebConfiguration - spring.jpa.open-in-view is enabled by default. Therefore, database queries may be performed during view rendering. Explicitly configure spring.jpa.open-in-view to disable this warning
""2022-09-11 [main] WARN  o.s.b.a.s.s.UserDetailsServiceAutoConfiguration - 

Using generated security password: 2a09241f-4420-4443-b4e8-59eb841cbe26

This generated password is for development use only. Your security configuration must be updated before running your application in production.

""2022-09-11 [main] INFO  o.s.s.web.DefaultSecurityFilterChain - Will secure any request with [org.springframework.security.web.session.DisableEncodeUrlFilter@6a26eee6, org.springframework.security.web.context.request.async.WebAsyncManagerIntegrationFilter@4be1c797, org.springframework.security.web.context.SecurityContextPersistenceFilter@4e553d60, org.springframework.security.web.header.HeaderWriterFilter@7f57a7a4, org.springframework.security.web.csrf.CsrfFilter@68fa8ea5, org.springframework.security.web.authentication.logout.LogoutFilter@1e489957, org.springframework.security.web.authentication.UsernamePasswordAuthenticationFilter@15405ba1, org.springframework.security.web.authentication.ui.DefaultLoginPageGeneratingFilter@f26cd76, org.springframework.security.web.authentication.ui.DefaultLogoutPageGeneratingFilter@76bdfc19, org.springframework.security.web.authentication.www.BasicAuthenticationFilter@2a317af7, org.springframework.security.web.savedrequest.RequestCacheAwareFilter@45f6181a, org.springframework.security.web.servletapi.SecurityContextHolderAwareRequestFilter@19d0d1ab, org.springframework.security.web.authentication.AnonymousAuthenticationFilter@1248f83, org.springframework.security.web.session.SessionManagementFilter@45ac973, org.springframework.security.web.access.ExceptionTranslationFilter@57d7c511, org.springframework.security.web.access.intercept.FilterSecurityInterceptor@13bf5fd]
""2022-09-11 [main] INFO  o.s.b.w.e.tomcat.TomcatWebServer - Tomcat started on port(s): 8080 (http) with context path ''
""2022-09-11 [main] INFO  c.e.p.p.ProgettoFinaleBeApplication - Started ProgettoFinaleBeApplication in 4.945 seconds (JVM running for 5.335)
""2022-09-11 [main] INFO  c.e.p.p.util.DataInitRunner - Province caricate
""2022-09-11 [main] INFO  c.e.p.p.util.DataInitRunner - Comuni Caricati
""2022-09-11 [SpringApplicationShutdownHook] INFO  o.s.o.j.LocalContainerEntityManagerFactoryBean - Closing JPA EntityManagerFactory for persistence unit 'default'
""2022-09-11 [SpringApplicationShutdownHook] INFO  com.zaxxer.hikari.HikariDataSource - HikariPool-1 - Shutdown initiated...
""2022-09-11 [SpringApplicationShutdownHook] INFO  com.zaxxer.hikari.HikariDataSource - HikariPool-1 - Shutdown completed.
""2022-09-11 [main] INFO  c.e.p.p.ProgettoFinaleBeApplication - Starting ProgettoFinaleBeApplication using Java 18.0.1.1 on JCTS-PC with PID 11444 (C:\Java\Spring\ProgettoFinaleBE\target\classes started by UTENTE in C:\Java\Spring\ProgettoFinaleBE)
""2022-09-11 [main] INFO  c.e.p.p.ProgettoFinaleBeApplication - No active profile set, falling back to 1 default profile: "default"
""2022-09-11 [main] INFO  o.s.d.r.c.RepositoryConfigurationDelegate - Bootstrapping Spring Data JPA repositories in DEFAULT mode.
""2022-09-11 [main] INFO  o.s.d.r.c.RepositoryConfigurationDelegate - Finished Spring Data repository scanning in 53 ms. Found 6 JPA repository interfaces.
""2022-09-11 [main] INFO  o.s.b.w.e.tomcat.TomcatWebServer - Tomcat initialized with port(s): 8080 (http)
""2022-09-11 [main] INFO  o.a.catalina.core.StandardService - Starting service [Tomcat]
""2022-09-11 [main] INFO  o.a.catalina.core.StandardEngine - Starting Servlet engine: [Apache Tomcat/9.0.65]
""2022-09-11 [main] INFO  o.a.c.c.C.[Tomcat].[localhost].[/] - Initializing Spring embedded WebApplicationContext
""2022-09-11 [main] INFO  o.s.b.w.s.c.ServletWebServerApplicationContext - Root WebApplicationContext: initialization completed in 1495 ms
""2022-09-11 [main] INFO  o.h.jpa.internal.util.LogHelper - HHH000204: Processing PersistenceUnitInfo [name: default]
""2022-09-11 [main] INFO  org.hibernate.Version - HHH000412: Hibernate ORM core version 5.6.10.Final
""2022-09-11 [main] INFO  o.h.annotations.common.Version - HCANN000001: Hibernate Commons Annotations {5.1.2.Final}
""2022-09-11 [main] INFO  com.zaxxer.hikari.HikariDataSource - HikariPool-1 - Starting...
""2022-09-11 [main] INFO  com.zaxxer.hikari.HikariDataSource - HikariPool-1 - Start completed.
""2022-09-11 [main] INFO  org.hibernate.dialect.Dialect - HHH000400: Using dialect: org.hibernate.dialect.PostgreSQLDialect
""2022-09-11 [main] INFO  o.h.e.t.j.p.i.JtaPlatformInitiator - HHH000490: Using JtaPlatform implementation: [org.hibernate.engine.transaction.jta.platform.internal.NoJtaPlatform]
""2022-09-11 [main] INFO  o.s.o.j.LocalContainerEntityManagerFactoryBean - Initialized JPA EntityManagerFactory for persistence unit 'default'
""2022-09-11 [main] WARN  o.s.b.a.o.j.JpaBaseConfiguration$JpaWebConfiguration - spring.jpa.open-in-view is enabled by default. Therefore, database queries may be performed during view rendering. Explicitly configure spring.jpa.open-in-view to disable this warning
""2022-09-11 [main] WARN  o.s.b.a.s.s.UserDetailsServiceAutoConfiguration - 

Using generated security password: bfbec94f-19b7-4d00-a271-35ac08e2c37e

This generated password is for development use only. Your security configuration must be updated before running your application in production.

""2022-09-11 [main] INFO  o.s.s.web.DefaultSecurityFilterChain - Will secure any request with [org.springframework.security.web.session.DisableEncodeUrlFilter@3c65f2e1, org.springframework.security.web.context.request.async.WebAsyncManagerIntegrationFilter@c247b02, org.springframework.security.web.context.SecurityContextPersistenceFilter@6dd1f239, org.springframework.security.web.header.HeaderWriterFilter@19542115, org.springframework.security.web.csrf.CsrfFilter@17344d7, org.springframework.security.web.authentication.logout.LogoutFilter@7e4dddee, org.springframework.security.web.authentication.UsernamePasswordAuthenticationFilter@3113595e, org.springframework.security.web.authentication.ui.DefaultLoginPageGeneratingFilter@7da6d695, org.springframework.security.web.authentication.ui.DefaultLogoutPageGeneratingFilter@78f1d29, org.springframework.security.web.authentication.www.BasicAuthenticationFilter@7f09ff10, org.springframework.security.web.savedrequest.RequestCacheAwareFilter@7e58b0f6, org.springframework.security.web.servletapi.SecurityContextHolderAwareRequestFilter@367fbb28, org.springframework.security.web.authentication.AnonymousAuthenticationFilter@76c85485, org.springframework.security.web.session.SessionManagementFilter@1e4b70c6, org.springframework.security.web.access.ExceptionTranslationFilter@530e08a7, org.springframework.security.web.access.intercept.FilterSecurityInterceptor@629cf53c]
""2022-09-11 [main] INFO  o.s.b.w.e.tomcat.TomcatWebServer - Tomcat started on port(s): 8080 (http) with context path ''
""2022-09-11 [main] INFO  c.e.p.p.ProgettoFinaleBeApplication - Started ProgettoFinaleBeApplication in 4.898 seconds (JVM running for 5.321)
""2022-09-11 [main] INFO  c.e.p.p.util.DataInitRunner - Province caricate
""2022-09-11 [main] INFO  c.e.p.p.util.DataInitRunner - Comuni Caricati
""2022-09-11 [SpringApplicationShutdownHook] INFO  o.s.o.j.LocalContainerEntityManagerFactoryBean - Closing JPA EntityManagerFactory for persistence unit 'default'
""2022-09-11 [SpringApplicationShutdownHook] INFO  com.zaxxer.hikari.HikariDataSource - HikariPool-1 - Shutdown initiated...
""2022-09-11 [SpringApplicationShutdownHook] INFO  com.zaxxer.hikari.HikariDataSource - HikariPool-1 - Shutdown completed.
"